6.29019 2.1212400000000002
6.76046 2.12301
7.156560000000001 2.2308700000000004
7.48748 2.1770500000000004
7.9323299999999985 2.64681
8.27663 2.59629
8.80453 2.8933299999999997
9.177950000000001 2.9116600000000004
9.67164 2.98985
9.96509 3.23091
10.45945 3.3798000000000004
10.894480000000001 3.4624900000000003
11.61746 3.6320900000000007
11.963880000000001 3.78281
12.3789 3.9428199999999998
12.977039999999999 4.11614
13.50855 4.265569999999999
13.9803 4.56349
14.519499999999999 4.40229
15.272129999999999 4.62546
15.824630000000003 5.002059999999999
16.310190000000002 5.27363
16.94846 5.21815
17.497719999999994 5.637129999999999
18.21997 5.619669999999999
18.6254 5.6875599999999995
19.250159999999997 5.86759
20.10618 5.95167
20.515659999999997 6.2554
21.227649999999997 6.3515299999999995
21.85863 6.7213899999999995
22.48523 6.775900000000002
23.20366 6.95754
23.87292 7.02945
24.55145 7.325360000000001
25.132839999999995 7.457249999999999
25.75486 7.5694
26.46676 7.684340000000001
27.151400000000002 7.864450000000001
27.927639999999997 7.94619
28.75734 8.38072
29.400800000000004 8.60578
30.423700000000004 8.55259
30.917429999999996 8.966359999999998
31.619459999999997 8.91225
32.42902 9.082180000000001
33.41694 9.28623
34.14009 9.45241
34.87369999999999 9.64221
35.809450000000005 9.816279999999999
36.496719999999996 9.818300000000002
37.460629999999995 10.208560000000002
38.30738 10.26267
39.15242 10.40092
39.94046 10.57096
40.64308 10.700280000000001
41.415879999999994 10.83225
42.45976 10.954090000000003
43.3938 11.3079
44.212109999999996 11.18796
45.262910000000005 11.600890000000001
46.13737999999999 11.72443
47.05023 11.628449999999999
47.94137 11.99001
48.79599 12.13645
49.75139 12.1413
50.515190000000004 12.309899999999999
51.63401 12.534510000000001
52.589459999999995 12.644929999999999
53.54494 12.74229
54.56568 12.822299999999998
55.497479999999996 13.023880000000002
56.41975 13.240740000000002
57.269610000000014 13.38149
58.53237999999999 13.47754
59.40694 13.54853
60.393719999999995 13.91428
61.52973000000001 13.82627
62.3697 13.76607
63.3755 14.0352
64.43214000000002 14.22918
65.46463000000001 14.240619999999998
66.52804 14.487630000000001
67.67133 14.605740000000003
68.74931999999998 14.628530000000001
69.62656000000001 14.85688
70.99759 14.819139999999999
71.94982999999999 15.11548
72.92090999999999 15.051070000000001
74.09375000000001 15.27152
75.0051 15.485400000000002
76.44355999999999 15.530359999999998
77.34737000000001 15.662540000000002
78.47983 15.639199999999997
79.68587 15.82986
80.62292 15.876479999999997
81.74107999999998 15.927529999999999
82.90896000000001 16.02713
84.0663 16.221020000000003
85.17094999999999 16.33902
86.38217999999999 16.53636
87.36121000000001 16.45243
88.78958000000002 16.664880000000004
89.80199999999999 16.79159
91.02143 16.80288
92.19412999999999 16.81989
93.32085000000001 16.98993
94.39809 17.12198
95.53029000000001 17.25048
96.86407000000001 17.23152
98.02233 17.25118
99.11618 17.413289999999996
100.21849000000002 17.36016
101.53683000000001 17.47401
102.71706999999999 17.7132
103.91928 17.731600000000004
105.26238000000001 17.8846
106.29438999999998 18.01197
107.50956 18.12614
108.63776 18.08296
109.83554 18.20768
111.03629999999998 18.33816
112.22267 18.423540000000003
113.41006999999999 18.6325
114.75905 18.58726
115.88133 18.79449
117.28674999999998 18.70743
118.35546 18.89232
119.46244999999999 18.77143
120.69639 18.966810000000002
122.08204999999998 18.93376
123.15202 19.293240000000004
124.59539 19.358649999999997
125.70664 19.15369
127.04209 19.489539999999998
128.20381000000003 19.33045
129.25357999999997 19.76337
130.68446 19.70476
131.93095 19.81946
133.22863 19.7853
134.43021999999996 19.90048
135.57444000000004 19.98871
136.90989 19.971659999999996
138.05390000000003 20.04694
139.3589 20.15353
140.55449 20.32004
141.84527999999997 20.515949999999997
143.05763000000002 20.584650000000003
144.56280999999998 20.74088
145.78384 20.832010000000004
147.09034 20.95571
148.3521 20.920009999999998
149.65269999999995 21.11844
150.62925 21.193709999999996
152.26127 21.12833
153.45389999999998 21.710819999999995
154.61579999999998 21.57389
155.71758999999997 21.772330000000004
157.10432 21.84279
158.41254999999998 21.90365
159.73037 21.97405
161.03474999999997 22.058600000000002
162.43818 22.368499999999994
163.61444 22.128949999999996
164.88782 22.43865
166.00415 22.46646
167.58144 22.46705
168.72131 22.50551
169.85808 22.773439999999997
171.44632000000001 22.803739999999998
172.60734 23.00118
173.77764000000002 22.925330000000002
175.25932 23.070119999999996
176.52841 23.31134
177.78947 23.455869999999997
179.10654999999997 23.491770000000002
180.31342 23.53449
181.71468 23.7579
183.02234 23.86329
184.30677999999997 23.740090000000002
185.57742 24.003619999999998
187.06128999999999 24.07636
188.21166 24.18547
189.71107999999998 24.16224
190.89614 24.415460000000003
192.32924 24.407000000000004
193.53251999999998 24.53729
194.88572000000002 24.688200000000002
196.1153 24.78903
197.71537000000004 24.77633
198.89301000000003 24.866690000000002
200.05043 24.964019999999998
201.56590999999997 25.147479999999998
203.05388 25.098729999999996
204.35636 25.35764
205.67913 25.277659999999997
206.98935999999998 25.4587
208.41463000000005 25.591299999999997
209.69435000000004 25.67675
210.89508 25.837880000000002
212.22917999999999 25.87996
213.57282 26.12598
214.92258999999996 26.13657
216.22707 26.24667
217.46080999999998 26.30581
218.97338 26.14667
220.35179000000002 26.443979999999993
221.68399000000005 26.58419
223.02429999999998 26.695780000000003
224.25804000000002 26.93356
225.41486999999998 26.90591
226.88883 26.846590000000003
228.21629000000001 27.00526
229.46583 27.06503
230.75188000000003 27.23976
231.96275999999997 27.2668
233.21354000000002 27.306719999999995
234.35274999999996 27.560899999999997
235.40334 27.61381
236.91885000000002 27.626179999999998
238.23332 27.87336
239.15574 27.99696
240.44978999999998 27.92527
241.67051999999998 28.023629999999997
242.59450999999999 28.143060000000002
244.00416 28.14454
244.92952 28.274880000000003
246.03483999999997 28.318219999999997
247.23992000000004 28.389010000000003
248.25787 28.526850000000003
249.29906 28.65654
250.16014000000004 28.571909999999995
251.28856000000002 28.717959999999998
252.40847 28.616180000000007
252.98285 28.619260000000004
254.13905 28.87023
254.99683999999996 28.653219999999997
255.08078000000006 28.679809999999996
256.01011 28.798609999999996
256.78274999999996 28.497770000000003
257.55342 28.742100000000004
258.44584 28.594990000000003
259.2492000000001 28.31884
260.0849099999999 28.353320000000004
260.7443099999999 28.296550000000003
261.6195000000001 28.058709999999998
262.2574000000001 28.016219999999997
262.99739 27.81301
263.59560999999997 27.54466
264.39032 27.39148
265.2307 27.115439999999996
265.95149 26.901139999999998
266.58633999999995 26.66329
267.2601 26.2986
267.63324 26.03077
268.43268 25.59046
269.07462000000004 25.30575
269.71891999999997 24.94459
270.14159 24.657510000000002
270.72587 24.19365
271.29551 23.77449
271.92886000000004 23.36428
272.43055000000004 23.03681
272.85322 22.479999999999997
273.38962000000004 21.965600000000002
273.92968 21.74084
274.46497 20.817479999999996
274.93429000000003 20.62484
275.39716 19.916619999999998
275.63067 19.356150000000007
276.04578000000004 18.80713
276.58000000000004 17.991770000000002
276.88073999999995 17.686439999999997
277.3331 16.90837
277.58782 16.221089999999997
277.98404999999997 15.686239999999998
278.28196 14.9549
278.40825 14.340890000000002
278.98028 13.61805
279.22463000000005 12.951060000000002
279.18154000000004 12.05439
279.38054 11.563329999999999
279.74852 10.79415
279.66382999999996 10.039019999999999
279.69907 9.192509999999999
279.95907 8.65953
280.10625999999996 7.930160000000001
280.02044 7.105630000000001
279.93683999999996 6.373119999999999
280.04452000000003 5.646669999999999
280.07369000000006 4.79171
279.98226 4.085859999999999
279.91121 3.3295699999999995
279.94952 2.48102
279.71303 1.69102
279.55482 1.0285700000000002
279.44710999999995 0.31458
279.25037999999995 -0.596
278.87806 -1.3300100000000001
278.79464 -1.9005799999999997
278.48252 -2.7620900000000006
278.27427 -3.30929
277.96006 -4.046550000000001
277.46286000000003 -4.6366
277.21646999999996 -5.40057
276.76921000000004 -6.3325499999999995
276.36572 -6.886750000000001
276.04418999999996 -7.61886
275.52074 -8.38257
275.31451000000004 -9.044599999999999
274.74113 -9.627350000000002
274.12014000000005 -10.373750000000001
273.59177 -10.828909999999999
273.07298000000003 -11.561359999999999
272.48146 -12.23815
271.95042 -12.686309999999999
271.38964 -13.30829
270.52731000000006 -13.765449999999998
269.87101 -14.285810000000001
269.37187 -14.86748
268.62531 -15.338299999999998
267.92481000000004 -15.69084
267.26599999999996 -16.33146
266.66539 -16.625009999999996
265.67841999999996 -17.16506
265.0991700000001 -17.4662
264.18481999999995 -17.90733
263.35031 -18.12644
262.65192 -18.387999999999998
262.01465 -18.67742
261.17692 -18.830209999999997
260.16314 -19.05415
259.36173999999994 -19.264940000000003
258.39816999999994 -19.53308
257.5714 -19.528820000000003
256.83153 -19.549760000000003
255.94264000000004 -19.734460000000002
255.02401 -19.612099999999995
254.24889000000002 -19.898960000000002
253.33139 -19.732419999999998
252.45580000000004 -19.405369999999998
251.86766000000003 -19.475549999999995
250.73433000000006 -19.386910000000004
249.96527 -19.202060000000003
249.02024 -19.072580000000002
248.18484999999995 -18.9709
246.92996999999997 -18.70572
246.13263999999998 -18.483829999999998
245.45987999999997 -18.17553
244.61794 -18.23756
243.58701000000002 -18.0937
242.84940000000006 -17.7115
241.85643 -17.40955
240.92801999999998 -17.31925
240.14861000000002 -17.130599999999998
238.92741999999998 -16.876179999999998
238.11988000000002 -16.709110000000003
237.18693000000002 -16.51023
236.23508 -16.068400000000004
235.52574999999996 -15.76825
234.51468 -15.874179999999999
233.45981 -15.452949999999998
232.44436000000002 -15.36348
231.66196000000005 -15.12019
230.64727 -14.873169999999998
229.62806 -14.61727
228.74948 -14.31592
227.77783000000005 -14.29212
226.65522 -13.88688
225.84033 -13.660600000000002
224.75551000000002 -13.409549999999996
223.79439000000002 -13.22733
222.66591 -13.26773
221.84466000000003 -12.854680000000002
220.70418 -12.68192
219.81462000000002 -12.4181
218.66656000000003 -12.4398
217.88718 -12.0952
216.66428000000002 -11.90582
215.62772999999999 -11.76245
214.35895 -11.49945
213.60542 -11.393939999999997
212.57071000000002 -11.383420000000001
211.36522999999997 -11.1146
210.28128999999998 -10.87133
209.21373999999997 -11.06819
208.29393999999996 -10.86215
207.16592999999997 -10.760299999999999
206.14838 -10.84344
204.95295000000002 -10.75734
203.99016 -10.484010000000001
202.76845 -10.69917
201.71332 -10.444970000000001
200.61161999999996 -10.651299999999999
199.51122999999998 -10.470470000000002
198.40451000000002 -10.46317
197.21459999999996 -10.498619999999999
196.03185000000002 -10.27128
194.89839999999998 -10.356630000000001
193.98148 -10.361460000000001
192.70234 -10.28084
191.71625 -10.521640000000001
190.52637000000001 -10.370940000000001
189.44009 -10.298489999999997
188.09994 -10.33063
186.88632 -10.29547
185.89293999999998 -10.530809999999999
184.65686 -10.68537
183.69940000000003 -10.554400000000001
182.37151999999998 -10.429389999999998
181.41059 -10.710840000000001
180.10533 -10.923660000000002
179.03537999999998 -10.896350000000002
177.73529 -10.88793
176.74506000000002 -11.05687
175.43457 -11.12754
174.39357 -11.25557
173.21701000000002 -11.400520000000002
172.15436000000003 -11.5763
171.07225999999997 -11.503040000000002
169.78609 -11.559880000000001
168.71251 -11.903450000000001
167.56217 -12.03832
166.46358999999998 -12.220170000000001
165.24171 -12.336640000000001
164.04656 -12.636510000000001
163.07211 -12.585770000000002
161.77382 -12.725370000000002
160.78203 -13.080969999999999
159.52026 -13.356
158.46644999999998 -13.45241
157.32269000000002 -13.74392
156.36581 -13.67312
155.29095999999998 -13.946230000000003
154.07544000000001 -14.21918
152.76523 -14.394559999999998
151.72232000000002 -14.726590000000002
150.74942000000001 -14.767829999999998
149.64196 -14.95399
148.50075 -15.34779
147.48756000000003 -15.44983
146.18151 -15.890460000000001
145.34435 -15.946499999999997
144.15983 -16.08095
143.11646 -16.50237
141.87621 -16.701820000000005
140.72203000000002 -16.987209999999997
139.78563000000003 -17.266280000000002
138.76005 -17.485710000000005
137.55164 -17.56249
136.53987999999998 -18.05784
135.29023999999998 -18.232499999999998
134.27854000000002 -18.43875
133.18679 -18.830710000000003
132.20069 -18.92825
131.09076000000002 -19.25036
129.95015999999998 -19.46784
128.88789 -19.73385
127.83824999999999 -19.912609999999997
126.46462 -20.20713
125.4612 -20.6107
124.55043 -20.945619999999998
123.46865 -21.086980000000004
122.20735000000002 -21.12265
121.06509000000001 -21.6728
120.13313000000001 -21.92567
119.10148999999998 -22.216340000000002
118.11458999999999 -22.55214
117.00130000000001 -22.984310000000004
115.97184 -23.051540000000003
114.92387000000001 -23.38062
113.95934 -23.612560000000002
112.89097 -23.76117
111.85972 -24.25717
110.71082000000001 -24.426350000000003
109.71381000000001 -24.87204
108.80832000000001 -25.18192
107.60378 -25.46961
106.74419 -25.7245
105.81131 -26.101269999999992
104.73458000000001 -26.46872
103.75713 -26.7173
102.9482 -27.103469999999998
101.86886 -27.32004
100.66911999999999 -27.783110000000004
99.97494999999999 -28.059559999999998
98.94271 -28.30865
97.97001 -28.821409999999997
96.9569 -29.013120000000004
95.80328999999999 -29.635159999999996
95.04357 -29.718769999999996
93.99073000000001 -30.26966
93.07338 -30.678979999999996
92.00942 -30.872659999999996
91.05475999999999 -31.54988
90.09198 -31.933210000000003
89.05001000000001 -32.42958
88.21863 -32.84806999999999
87.34113 -33.19633
86.37589 -33.7494
85.4256 -34.29487
84.48354 -34.6871
83.43454 -35.08612
82.71683 -35.731849999999994
81.64462999999999 -36.266119999999994
80.83824999999999 -36.83292
79.97095 -37.514889999999994
78.89288 -37.72599000000001
78.08213 -38.4276
77.1545 -39.041199999999996
76.10832 -39.64623
75.15270000000001 -40.387910000000005
74.24499 -40.925529999999995
73.48519 -41.59791
72.47350999999999 -42.242219999999996
71.69919 -42.886799999999994
70.76007 -43.565450000000006
69.99172 -44.26810999999999
69.11537999999999 -45.188419999999994
68.44932 -45.64376
67.55962 -46.46469999999999
66.84145000000001 -47.21835
66.07026 -47.870050000000006
65.06533999999999 -48.617830000000005
64.27892 -49.298449999999995
63.412620000000004 -50.2699
62.85797 -50.85134000000001
61.86382999999999 -51.69008
61.07994 -52.424699999999994
60.2888 -53.05388000000001
59.62541 -53.72148
58.797010000000014 -54.53768
58.02726 -55.37260999999999
57.32382 -55.84668000000001
56.71292999999999 -56.77011
55.767880000000005 -57.449259999999995
55.27775999999999 -58.02647999999999
54.38551 -58.7891
53.56114 -59.69046999999999
52.757859999999994 -60.45181
52.174490000000006 -61.04060000000002
51.47405000000001 -61.950630000000004
50.67441000000001 -62.562059999999995
50.150459999999995 -63.41521
49.468610000000005 -64.00664
48.58102 -64.71123
47.914519999999996 -65.34747
47.30544999999999 -66.0941
46.50107 -66.81432
45.95804 -67.52365999999999
45.225300000000004 -68.26584
44.48594 -68.88225
43.75927 -69.56299000000001
43.010130000000004 -70.38827
42.36447 -70.74721
41.76145000000001 -71.72685000000001
41.293940000000006 -72.31676
40.36009 -72.88538
39.63294 -73.60112999999998
38.96943 -74.47488
38.349079999999994 -75.01653999999999
37.688250000000004 -75.56254999999999
37.11868 -76.32636000000001
36.26258 -76.88778
35.83192 -77.52034
35.12524 -78.26948999999999
34.557990000000004 -78.88405000000002
33.61418 -79.40239
33.19949 -80.15538
32.234640000000006 -80.81053
31.668149999999997 -81.30667999999999
31.08673 -81.85604000000002
30.215780000000002 -82.42629000000001
29.791179999999997 -82.99723999999999
28.946720000000006 -83.50148
28.288460000000004 -84.15671999999999
27.492 -84.79534999999998
27.049370000000003 -85.23364
26.311149999999998 -85.47759999999998
25.700100000000003 -86.23259
25.00646 -86.7591
24.358419999999995 -87.18094
23.52233 -87.72350999999999
22.784940000000002 -88.09603
22.13784 -88.50114
21.489749999999994 -88.92708
20.861849999999997 -89.52642
20.41631 -89.71929
19.40189 -90.07212
18.899729999999998 -90.48967999999999
18.14888 -91.10042
17.553819999999998 -91.31735
16.73528 -91.65
15.99957 -91.84961000000001
15.433989999999998 -92.28367
14.45626 -92.58475999999999
14.051299999999998 -92.92421999999999
13.245769999999998 -93.20535
12.647789999999999 -93.46829
11.926380000000002 -93.77933
11.062800000000001 -94.11352
10.48937 -94.11391
9.82646 -94.35408999999999
9.11188 -94.61308000000001
8.27915 -94.94187
7.6331500000000005 -94.9584
6.81035 -95.08633
6.328909999999999 -95.15813
5.55816 -95.43405000000003
4.6819500000000005 -95.59909
4.085240000000001 -95.41474000000002
3.44585 -95.63393
2.7883899999999997 -95.55219
2.21462 -95.7764
1.44922 -95.75704
0.94296 -95.75998
0.06323000000000001 -95.59915
-0.56079 -95.66329999999999
-1.2756899999999998 -95.62474999999999
-2.00349 -95.57941000000001
-2.64494 -95.77899000000001
-3.3157000000000005 -95.57204
-4.230360000000001 -95.41684000000001
-4.93501 -95.37584
-5.436240000000001 -95.22234
-6.263070000000001 -95.05820000000001
-6.859959999999999 -95.13183999999998
-7.58713 -94.97939000000001
-8.241360000000002 -94.52696000000002
-8.993879999999999 -94.55424
-9.77411 -94.51614000000001
-10.554739999999999 -94.06316
-11.02329 -93.77715
-11.898129999999998 -93.78650999999999
-12.619019999999999 -93.70766
-13.49777 -93.17753
-13.865020000000001 -93.12654
-14.703990000000001 -92.73017
-15.29213 -92.50683
-16.090280000000003 -92.03288
-16.69358 -91.76693
-17.374860000000005 -91.35354
-17.9839 -91.10462
-18.691000000000003 -90.82561
-19.50589 -90.33238
-20.095689999999998 -89.93314
-20.67446 -89.61896
-21.59277 -88.91129000000001
-22.113719999999994 -88.68696000000001
-22.656219999999998 -88.2211
-23.41465 -87.72408999999999
-23.95931 -87.31926999999999
-24.796590000000002 -86.80483
-25.45136 -86.28051
-26.096420000000002 -85.74587999999999
-26.52156 -85.49686999999999
-27.197219999999998 -84.63989999999998
-27.65941 -84.09696
-28.200830000000003 -83.41333
-29.025170000000003 -82.97645
-29.445159999999998 -82.35533000000001
-29.989870000000003 -81.71047
-30.58584 -81.01892000000001
-31.050729999999998 -80.59844999999999
-31.56298 -79.84973
-32.05713 -79.34739
-32.5213 -78.53166999999999
-32.94605 -77.86743
-33.45849 -77.24356
-33.755610000000004 -76.41480000000001
-34.384080000000004 -75.58568
-34.675850000000004 -74.88737
-35.15754 -74.27831
-35.65794000000001 -73.52781
-35.75913 -72.72785
-36.10325 -72.08999
-36.53708 -71.13127
-36.64361 -70.52962
-36.86488000000001 -69.61548
-37.26383 -68.81857
-37.46459 -68.00469000000001
-37.739709999999995 -67.19628
-37.803790000000006 -66.51273
-38.0045 -65.85128
-38.327149999999996 -64.92618999999999
-38.52264 -63.88661999999999
-38.7485 -63.156960000000005
-38.64376 -62.31428
-38.9204 -61.45496999999999
-39.02753 -60.650650000000006
-38.995819999999995 -59.87355999999998
-39.07838 -58.97524
-39.192930000000004 -58.009800000000006
-39.12263000000001 -57.22748
-39.47428 -56.418870000000005
-39.36787 -55.55971000000001
-39.44825000000001 -54.760220000000004
-39.35895000000001 -54.063379999999995
-39.27694 -53.11784999999999
-39.44035 -52.273990000000005
-39.440380000000005 -51.455290000000005
-39.452929999999995 -50.44290999999999
-39.242920000000005 -49.8303
-39.443149999999996 -48.8105
-39.360410000000016 -48.02378
-39.23495 -47.204820000000005
-39.15418000000001 -46.24941
-39.00654 -45.217679999999994
-38.85802 -44.39022
-38.84546999999999 -43.56816
-38.739940000000004 -42.81918999999999
-38.59686000000001 -41.906940000000006
-38.57172 -41.247640000000004
-38.39174 -40.112429999999996
-38.18057 -39.25831000000001
-38.05002999999999 -38.440380000000005
-37.885859999999994 -37.63698
-37.70399 -36.74703
-37.33887 -36.04533
-37.21055 -35.0511
-36.80815 -34.240370000000006
-36.7309 -33.50153
-36.62635 -32.31317
-36.40429999999999 -31.836120000000005
-36.21576 -30.80943
-35.572359999999996 -29.858799999999995
-35.40052000000001 -29.2668
-35.127629999999996 -28.377
-34.80071 -27.471840000000004
-34.589110000000005 -26.662739999999996
-34.16798 -25.737149999999996
-33.75467999999999 -25.106240000000003
-33.48376 -24.24493
-32.90862 -23.359050000000003
-32.462689999999995 -22.735419999999998
-32.22605 -21.84387
-31.992359999999998 -21.00322
-31.202710000000003 -20.43797
-30.92198 -19.74099
-30.11871 -18.73682
-29.74178 -18.02601
-29.341549999999994 -17.263469999999998
-28.765309999999992 -16.543370000000003
-28.28363 -15.947480000000002
-27.71927 -15.030520000000001
-27.31638 -14.379900000000001
-26.49346 -13.817330000000002
-26.1419 -12.873739999999998
-25.45491 -12.40965
-24.915480000000002 -11.87976
-24.17267 -11.02363
-23.5109 -10.466489999999999
-22.92053 -9.832200000000002
-22.24522 -9.227129999999999
-21.54063 -8.516410000000002
-20.90365 -7.85468
-19.98038 -7.27178
-19.369009999999996 -6.66728
-18.77123 -6.363639999999999
-17.87037 -5.84699
-17.30618 -5.0212
-16.59631 -4.588559999999999
-15.87611 -4.10777
-15.2482 -3.66472
-14.414390000000001 -3.16197
-13.3661 -2.7690099999999997
-13.026250000000001 -2.2518100000000003
-12.04799 -1.8808999999999998
-11.40549 -1.3245799999999999
-10.61156 -0.9756199999999999
-9.618879999999999 -0.60846
-8.856440000000003 -0.27325999999999995
-8.11913 0.13962
-7.28272 0.70639
-6.457649999999999 0.9203500000000002
-5.6065000000000005 1.29016
-4.76532 1.56266
-3.8010800000000002 1.8590699999999998
-2.9165900000000002 2.234
-2.1617100000000002 2.44409
-1.52861 2.59466
-0.3745 3.0528699999999995
0.43695000000000006 3.19869
1.12217 3.61934
2.11947 3.67744
2.94272 4.05764
3.8887400000000008 4.20664
4.711130000000002 4.514539999999999
5.51995 4.69031
6.4880700000000004 5.03166
7.22187 5.26481
8.14979 5.326359999999999
9.25675 5.74221
10.029610000000002 5.88834
10.979899999999999 6.232480000000001
11.64179 6.332590000000001
12.709830000000002 6.4168199999999995
13.545160000000001 6.819240000000001
14.541210000000001 7.0883899999999995
15.39127 7.26258
